The app is listening on PORT 3000
The app is listening on PORT 3000
The app is listening on PORT 3000
{
  _id: new ObjectId('6665fc7e75792b001a756ef0'),
  username: 'tomy',
  images: [
    new ObjectId('6665fc9e75792b001a756ef9'),
    new ObjectId('6665fcbc75792b001a756eff')
  ],
  createdAt: 2024-06-09T19:03:27.060Z,
  updatedAt: 2024-06-09T19:04:28.537Z,
  __v: 0
}
{
  _id: new ObjectId('6665fc7e75792b001a756ef0'),
  username: 'tomy',
  images: [
    {
      _id: new ObjectId('6665fc9e75792b001a756ef9'),
      filename: '1717959838353_image.jpg',
      path: 'public\\images\\1717959838353_image.jpg',
      createdAt: 2024-06-09T19:03:58.400Z,
      updatedAt: 2024-06-09T19:03:58.400Z,
      __v: 0
    },
    {
      _id: new ObjectId('6665fcbc75792b001a756eff'),
      filename: '1717959868472_image.jpg',
      path: 'public\\images\\1717959868472_image.jpg',
      createdAt: 2024-06-09T19:04:28.536Z,
      updatedAt: 2024-06-09T19:04:28.536Z,
      __v: 0
    }
  ],
  createdAt: 2024-06-09T19:03:27.060Z,
  updatedAt: 2024-06-09T19:04:28.537Z,
  __v: 0
}
{
  _id: new ObjectId('6665fc7e75792b001a756ef0'),
  username: 'tomy',
  images: [
    new ObjectId('6665fc9e75792b001a756ef9'),
    new ObjectId('6665fcbc75792b001a756eff')
  ],
  createdAt: 2024-06-09T19:03:27.060Z,
  updatedAt: 2024-06-09T19:04:28.537Z,
  __v: 0
}
{
  _id: new ObjectId('6665fc7e75792b001a756ef0'),
  username: 'tomy',
  images: [
    {
      _id: new ObjectId('6665fc9e75792b001a756ef9'),
      filename: '1717959838353_image.jpg',
      path: 'public\\images\\1717959838353_image.jpg',
      createdAt: 2024-06-09T19:03:58.400Z,
      updatedAt: 2024-06-09T19:03:58.400Z,
      __v: 0
    },
    {
      _id: new ObjectId('6665fcbc75792b001a756eff'),
      filename: '1717959868472_image.jpg',
      path: 'public\\images\\1717959868472_image.jpg',
      createdAt: 2024-06-09T19:04:28.536Z,
      updatedAt: 2024-06-09T19:04:28.536Z,
      __v: 0
    }
  ],
  createdAt: 2024-06-09T19:03:27.060Z,
  updatedAt: 2024-06-09T19:04:28.537Z,
  __v: 0
}
{
  _id: new ObjectId('6665fc7e75792b001a756ef0'),
  username: 'tomy',
  images: [
    new ObjectId('6665fc9e75792b001a756ef9'),
    new ObjectId('6665fcbc75792b001a756eff')
  ],
  createdAt: 2024-06-09T19:03:27.060Z,
  updatedAt: 2024-06-09T19:04:28.537Z,
  __v: 0
}
{
  _id: new ObjectId('6665fc7e75792b001a756ef0'),
  username: 'tomy',
  images: [
    {
      _id: new ObjectId('6665fc9e75792b001a756ef9'),
      filename: '1717959838353_image.jpg',
      path: 'public\\images\\1717959838353_image.jpg',
      createdAt: 2024-06-09T19:03:58.400Z,
      updatedAt: 2024-06-09T19:03:58.400Z,
      __v: 0
    },
    {
      _id: new ObjectId('6665fcbc75792b001a756eff'),
      filename: '1717959868472_image.jpg',
      path: 'public\\images\\1717959868472_image.jpg',
      createdAt: 2024-06-09T19:04:28.536Z,
      updatedAt: 2024-06-09T19:04:28.536Z,
      __v: 0
    }
  ],
  createdAt: 2024-06-09T19:03:27.060Z,
  updatedAt: 2024-06-09T19:04:28.537Z,
  __v: 0
}
{
  _id: new ObjectId('6665fc7e75792b001a756ef0'),
  username: 'tomy',
  images: [
    new ObjectId('6665fc9e75792b001a756ef9'),
    new ObjectId('6665fcbc75792b001a756eff')
  ],
  createdAt: 2024-06-09T19:03:27.060Z,
  updatedAt: 2024-06-09T19:04:28.537Z,
  __v: 0
}
{
  _id: new ObjectId('6665fc7e75792b001a756ef0'),
  username: 'tomy',
  images: [
    {
      _id: new ObjectId('6665fc9e75792b001a756ef9'),
      filename: '1717959838353_image.jpg',
      path: 'public\\images\\1717959838353_image.jpg',
      createdAt: 2024-06-09T19:03:58.400Z,
      updatedAt: 2024-06-09T19:03:58.400Z,
      __v: 0
    },
    {
      _id: new ObjectId('6665fcbc75792b001a756eff'),
      filename: '1717959868472_image.jpg',
      path: 'public\\images\\1717959868472_image.jpg',
      createdAt: 2024-06-09T19:04:28.536Z,
      updatedAt: 2024-06-09T19:04:28.536Z,
      __v: 0
    }
  ],
  createdAt: 2024-06-09T19:03:27.060Z,
  updatedAt: 2024-06-09T19:04:28.537Z,
  __v: 0
}
{
  _id: new ObjectId('6665fc7e75792b001a756ef0'),
  username: 'tomy',
  images: [
    new ObjectId('6665fc9e75792b001a756ef9'),
    new ObjectId('6665fcbc75792b001a756eff')
  ],
  createdAt: 2024-06-09T19:03:27.060Z,
  updatedAt: 2024-06-09T19:04:28.537Z,
  __v: 0
}
{
  _id: new ObjectId('6665fc7e75792b001a756ef0'),
  username: 'tomy',
  images: [
    {
      _id: new ObjectId('6665fc9e75792b001a756ef9'),
      filename: '1717959838353_image.jpg',
      path: 'public\\images\\1717959838353_image.jpg',
      createdAt: 2024-06-09T19:03:58.400Z,
      updatedAt: 2024-06-09T19:03:58.400Z,
      __v: 0
    },
    {
      _id: new ObjectId('6665fcbc75792b001a756eff'),
      filename: '1717959868472_image.jpg',
      path: 'public\\images\\1717959868472_image.jpg',
      createdAt: 2024-06-09T19:04:28.536Z,
      updatedAt: 2024-06-09T19:04:28.536Z,
      __v: 0
    }
  ],
  createdAt: 2024-06-09T19:03:27.060Z,
  updatedAt: 2024-06-09T19:04:28.537Z,
  __v: 0
}
{
  _id: new ObjectId('6665fc7e75792b001a756ef0'),
  username: 'tomy',
  images: [
    new ObjectId('6665fc9e75792b001a756ef9'),
    new ObjectId('6665fcbc75792b001a756eff')
  ],
  createdAt: 2024-06-09T19:03:27.060Z,
  updatedAt: 2024-06-09T19:04:28.537Z,
  __v: 0
}
{
  _id: new ObjectId('6665fc7e75792b001a756ef0'),
  username: 'tomy',
  images: [
    {
      _id: new ObjectId('6665fc9e75792b001a756ef9'),
      filename: '1717959838353_image.jpg',
      path: 'public\\images\\1717959838353_image.jpg',
      createdAt: 2024-06-09T19:03:58.400Z,
      updatedAt: 2024-06-09T19:03:58.400Z,
      __v: 0
    },
    {
      _id: new ObjectId('6665fcbc75792b001a756eff'),
      filename: '1717959868472_image.jpg',
      path: 'public\\images\\1717959868472_image.jpg',
      createdAt: 2024-06-09T19:04:28.536Z,
      updatedAt: 2024-06-09T19:04:28.536Z,
      __v: 0
    }
  ],
  createdAt: 2024-06-09T19:03:27.060Z,
  updatedAt: 2024-06-09T19:04:28.537Z,
  __v: 0
}
The app is listening on PORT 3000
The app is listening on PORT 3000
